<?xml version="1.0" encoding="UTF-8"?>
<testsuite xmlns:xsi="http://www.w3.org/2001/XMLSchema-instance" xsi:noNamespaceSchemaLocation="https://maven.apache.org/surefire/maven-surefire-plugin/xsd/surefire-test-report.xsd" name="org.example.AppTest" time="0.08" tests="1" errors="0" skipped="0" failures="0">
  <properties>
    <property name="sun.desktop" value="windows"/>
    <property name="awt.toolkit" value="sun.awt.windows.WToolkit"/>
    <property name="file.encoding.pkg" value="sun.io"/>
    <property name="java.specification.version" value="1.8"/>
    <property name="sun.cpu.isalist" value="amd64"/>
    <property name="sun.jnu.encoding" value="GBK"/>
    <property name="java.class.path" value="D:\东北大学大三实训\sources\sparkexamples\target\test-classes;D:\东北大学大三实训\sources\sparkexamples\target\classes;d:\repository\junit\junit\4.11\junit-4.11.jar;d:\repository\org\hamcrest\hamcrest-core\1.3\hamcrest-core-1.3.jar;d:\repository\org\apache\spark\spark-core_2.11\2.4.0\spark-core_2.11-2.4.0.jar;d:\repository\org\apache\avro\avro\1.8.2\avro-1.8.2.jar;d:\repository\org\codehaus\jackson\jackson-core-asl\1.9.13\jackson-core-asl-1.9.13.jar;d:\repository\org\codehaus\jackson\jackson-mapper-asl\1.9.13\jackson-mapper-asl-1.9.13.jar;d:\repository\com\thoughtworks\paranamer\paranamer\2.7\paranamer-2.7.jar;d:\repository\org\apache\commons\commons-compress\1.8.1\commons-compress-1.8.1.jar;d:\repository\org\tukaani\xz\1.5\xz-1.5.jar;d:\repository\org\apache\avro\avro-mapred\1.8.2\avro-mapred-1.8.2-hadoop2.jar;d:\repository\org\apache\avro\avro-ipc\1.8.2\avro-ipc-1.8.2.jar;d:\repository\commons-codec\commons-codec\1.9\commons-codec-1.9.jar;d:\repository\com\twitter\chill_2.11\0.9.3\chill_2.11-0.9.3.jar;d:\repository\com\esotericsoftware\kryo-shaded\4.0.2\kryo-shaded-4.0.2.jar;d:\repository\com\esotericsoftware\minlog\1.3.0\minlog-1.3.0.jar;d:\repository\org\objenesis\objenesis\2.5.1\objenesis-2.5.1.jar;d:\repository\com\twitter\chill-java\0.9.3\chill-java-0.9.3.jar;d:\repository\org\apache\xbean\xbean-asm6-shaded\4.8\xbean-asm6-shaded-4.8.jar;d:\repository\org\apache\hadoop\hadoop-client\2.6.5\hadoop-client-2.6.5.jar;d:\repository\org\apache\hadoop\hadoop-common\2.6.5\hadoop-common-2.6.5.jar;d:\repository\commons-cli\commons-cli\1.2\commons-cli-1.2.jar;d:\repository\xmlenc\xmlenc\0.52\xmlenc-0.52.jar;d:\repository\commons-httpclient\commons-httpclient\3.1\commons-httpclient-3.1.jar;d:\repository\commons-io\commons-io\2.4\commons-io-2.4.jar;d:\repository\commons-collections\commons-collections\3.2.2\commons-collections-3.2.2.jar;d:\repository\commons-lang\commons-lang\2.6\commons-lang-2.6.jar;d:\repository\commons-configuration\commons-configuration\1.6\commons-configuration-1.6.jar;d:\repository\commons-digester\commons-digester\1.8\commons-digester-1.8.jar;d:\repository\commons-beanutils\commons-beanutils\1.7.0\commons-beanutils-1.7.0.jar;d:\repository\commons-beanutils\commons-beanutils-core\1.8.0\commons-beanutils-core-1.8.0.jar;d:\repository\com\google\protobuf\protobuf-java\2.5.0\protobuf-java-2.5.0.jar;d:\repository\com\google\code\gson\gson\2.2.4\gson-2.2.4.jar;d:\repository\org\apache\hadoop\hadoop-auth\2.6.5\hadoop-auth-2.6.5.jar;d:\repository\org\apache\httpcomponents\httpclient\4.2.5\httpclient-4.2.5.jar;d:\repository\org\apache\httpcomponents\httpcore\4.2.4\httpcore-4.2.4.jar;d:\repository\org\apache\directory\server\apacheds-kerberos-codec\2.0.0-M15\apacheds-kerberos-codec-2.0.0-M15.jar;d:\repository\org\apache\directory\server\apacheds-i18n\2.0.0-M15\apacheds-i18n-2.0.0-M15.jar;d:\repository\org\apache\directory\api\api-asn1-api\1.0.0-M20\api-asn1-api-1.0.0-M20.jar;d:\repository\org\apache\directory\api\api-util\1.0.0-M20\api-util-1.0.0-M20.jar;d:\repository\org\apache\curator\curator-client\2.6.0\curator-client-2.6.0.jar;d:\repository\org\htrace\htrace-core\3.0.4\htrace-core-3.0.4.jar;d:\repository\org\apache\hadoop\hadoop-hdfs\2.6.5\hadoop-hdfs-2.6.5.jar;d:\repository\org\mortbay\jetty\jetty-util\6.1.26\jetty-util-6.1.26.jar;d:\repository\xerces\xercesImpl\2.9.1\xercesImpl-2.9.1.jar;d:\repository\xml-apis\xml-apis\1.3.04\xml-apis-1.3.04.jar;d:\repository\org\apache\hadoop\hadoop-mapreduce-client-app\2.6.5\hadoop-mapreduce-client-app-2.6.5.jar;d:\repository\org\apache\hadoop\hadoop-mapreduce-client-common\2.6.5\hadoop-mapreduce-client-common-2.6.5.jar;d:\repository\org\apache\hadoop\hadoop-yarn-client\2.6.5\hadoop-yarn-client-2.6.5.jar;d:\repository\org\apache\hadoop\hadoop-yarn-server-common\2.6.5\hadoop-yarn-server-common-2.6.5.jar;d:\repository\org\apache\hadoop\hadoop-mapreduce-client-shuffle\2.6.5\hadoop-mapreduce-client-shuffle-2.6.5.jar;d:\repository\org\apache\hadoop\hadoop-yarn-api\2.6.5\hadoop-yarn-api-2.6.5.jar;d:\repository\org\apache\hadoop\hadoop-mapreduce-client-core\2.6.5\hadoop-mapreduce-client-core-2.6.5.jar;d:\repository\org\apache\hadoop\hadoop-yarn-common\2.6.5\hadoop-yarn-common-2.6.5.jar;d:\repository\javax\xml\bind\jaxb-api\2.2.2\jaxb-api-2.2.2.jar;d:\repository\javax\xml\stream\stax-api\1.0-2\stax-api-1.0-2.jar;d:\repository\org\codehaus\jackson\jackson-jaxrs\1.9.13\jackson-jaxrs-1.9.13.jar;d:\repository\org\codehaus\jackson\jackson-xc\1.9.13\jackson-xc-1.9.13.jar;d:\repository\org\apache\hadoop\hadoop-mapreduce-client-jobclient\2.6.5\hadoop-mapreduce-client-jobclient-2.6.5.jar;d:\repository\org\apache\hadoop\hadoop-annotations\2.6.5\hadoop-annotations-2.6.5.jar;d:\repository\org\apache\spark\spark-launcher_2.11\2.4.0\spark-launcher_2.11-2.4.0.jar;d:\repository\org\apache\spark\spark-kvstore_2.11\2.4.0\spark-kvstore_2.11-2.4.0.jar;d:\repository\org\fusesource\leveldbjni\leveldbjni-all\1.8\leveldbjni-all-1.8.jar;d:\repository\com\fasterxml\jackson\core\jackson-core\2.6.7\jackson-core-2.6.7.jar;d:\repository\com\fasterxml\jackson\core\jackson-annotations\2.6.7\jackson-annotations-2.6.7.jar;d:\repository\org\apache\spark\spark-network-common_2.11\2.4.0\spark-network-common_2.11-2.4.0.jar;d:\repository\org\apache\spark\spark-network-shuffle_2.11\2.4.0\spark-network-shuffle_2.11-2.4.0.jar;d:\repository\org\apache\spark\spark-unsafe_2.11\2.4.0\spark-unsafe_2.11-2.4.0.jar;d:\repository\javax\activation\activation\1.1.1\activation-1.1.1.jar;d:\repository\org\apache\curator\curator-recipes\2.6.0\curator-recipes-2.6.0.jar;d:\repository\org\apache\curator\curator-framework\2.6.0\curator-framework-2.6.0.jar;d:\repository\com\google\guava\guava\16.0.1\guava-16.0.1.jar;d:\repository\org\apache\zookeeper\zookeeper\3.4.6\zookeeper-3.4.6.jar;d:\repository\javax\servlet\javax.servlet-api\3.1.0\javax.servlet-api-3.1.0.jar;d:\repository\org\apache\commons\commons-lang3\3.5\commons-lang3-3.5.jar;d:\repository\org\apache\commons\commons-math3\3.4.1\commons-math3-3.4.1.jar;d:\repository\com\google\code\findbugs\jsr305\1.3.9\jsr305-1.3.9.jar;d:\repository\org\slf4j\slf4j-api\1.7.16\slf4j-api-1.7.16.jar;d:\repository\org\slf4j\jul-to-slf4j\1.7.16\jul-to-slf4j-1.7.16.jar;d:\repository\org\slf4j\jcl-over-slf4j\1.7.16\jcl-over-slf4j-1.7.16.jar;d:\repository\log4j\log4j\1.2.17\log4j-1.2.17.jar;d:\repository\org\slf4j\slf4j-log4j12\1.7.16\slf4j-log4j12-1.7.16.jar;d:\repository\com\ning\compress-lzf\1.0.3\compress-lzf-1.0.3.jar;d:\repository\org\xerial\snappy\snappy-java\1.1.7.1\snappy-java-1.1.7.1.jar;d:\repository\org\lz4\lz4-java\1.4.0\lz4-java-1.4.0.jar;d:\repository\com\github\luben\zstd-jni\1.3.2-2\zstd-jni-1.3.2-2.jar;d:\repository\org\roaringbitmap\RoaringBitmap\0.5.11\RoaringBitmap-0.5.11.jar;d:\repository\commons-net\commons-net\3.1\commons-net-3.1.jar;d:\repository\org\scala-lang\scala-library\2.11.12\scala-library-2.11.12.jar;d:\repository\org\json4s\json4s-jackson_2.11\3.5.3\json4s-jackson_2.11-3.5.3.jar;d:\repository\org\json4s\json4s-core_2.11\3.5.3\json4s-core_2.11-3.5.3.jar;d:\repository\org\json4s\json4s-ast_2.11\3.5.3\json4s-ast_2.11-3.5.3.jar;d:\repository\org\json4s\json4s-scalap_2.11\3.5.3\json4s-scalap_2.11-3.5.3.jar;d:\repository\org\scala-lang\modules\scala-xml_2.11\1.0.6\scala-xml_2.11-1.0.6.jar;d:\repository\org\glassfish\jersey\core\jersey-client\2.22.2\jersey-client-2.22.2.jar;d:\repository\javax\ws\rs\javax.ws.rs-api\2.0.1\javax.ws.rs-api-2.0.1.jar;d:\repository\org\glassfish\hk2\hk2-api\2.4.0-b34\hk2-api-2.4.0-b34.jar;d:\repository\org\glassfish\hk2\hk2-utils\2.4.0-b34\hk2-utils-2.4.0-b34.jar;d:\repository\org\glassfish\hk2\external\aopalliance-repackaged\2.4.0-b34\aopalliance-repackaged-2.4.0-b34.jar;d:\repository\org\glassfish\hk2\external\javax.inject\2.4.0-b34\javax.inject-2.4.0-b34.jar;d:\repository\org\glassfish\hk2\hk2-locator\2.4.0-b34\hk2-locator-2.4.0-b34.jar;d:\repository\org\javassist\javassist\3.18.1-GA\javassist-3.18.1-GA.jar;d:\repository\org\glassfish\jersey\core\jersey-common\2.22.2\jersey-common-2.22.2.jar;d:\repository\javax\annotation\javax.annotation-api\1.2\javax.annotation-api-1.2.jar;d:\repository\org\glassfish\jersey\bundles\repackaged\jersey-guava\2.22.2\jersey-guava-2.22.2.jar;d:\repository\org\glassfish\hk2\osgi-resource-locator\1.0.1\osgi-resource-locator-1.0.1.jar;d:\repository\org\glassfish\jersey\core\jersey-server\2.22.2\jersey-server-2.22.2.jar;d:\repository\org\glassfish\jersey\media\jersey-media-jaxb\2.22.2\jersey-media-jaxb-2.22.2.jar;d:\repository\javax\validation\validation-api\1.1.0.Final\validation-api-1.1.0.Final.jar;d:\repository\org\glassfish\jersey\containers\jersey-container-servlet\2.22.2\jersey-container-servlet-2.22.2.jar;d:\repository\org\glassfish\jersey\containers\jersey-container-servlet-core\2.22.2\jersey-container-servlet-core-2.22.2.jar;d:\repository\io\netty\netty-all\4.1.17.Final\netty-all-4.1.17.Final.jar;d:\repository\io\netty\netty\3.9.9.Final\netty-3.9.9.Final.jar;d:\repository\com\clearspring\analytics\stream\2.7.0\stream-2.7.0.jar;d:\repository\io\dropwizard\metrics\metrics-core\3.1.5\metrics-core-3.1.5.jar;d:\repository\io\dropwizard\metrics\metrics-jvm\3.1.5\metrics-jvm-3.1.5.jar;d:\repository\io\dropwizard\metrics\metrics-json\3.1.5\metrics-json-3.1.5.jar;d:\repository\io\dropwizard\metrics\metrics-graphite\3.1.5\metrics-graphite-3.1.5.jar;d:\repository\com\fasterxml\jackson\core\jackson-databind\2.6.7.1\jackson-databind-2.6.7.1.jar;d:\repository\com\fasterxml\jackson\module\jackson-module-scala_2.11\2.6.7.1\jackson-module-scala_2.11-2.6.7.1.jar;d:\repository\org\scala-lang\scala-reflect\2.11.8\scala-reflect-2.11.8.jar;d:\repository\com\fasterxml\jackson\module\jackson-module-paranamer\2.7.9\jackson-module-paranamer-2.7.9.jar;d:\repository\org\apache\ivy\ivy\2.4.0\ivy-2.4.0.jar;d:\repository\oro\oro\2.0.8\oro-2.0.8.jar;d:\repository\net\razorvine\pyrolite\4.13\pyrolite-4.13.jar;d:\repository\net\sf\py4j\py4j\0.10.7\py4j-0.10.7.jar;d:\repository\org\apache\spark\spark-tags_2.11\2.4.0\spark-tags_2.11-2.4.0.jar;d:\repository\org\apache\commons\commons-crypto\1.0.0\commons-crypto-1.0.0.jar;d:\repository\org\spark-project\spark\unused\1.0.0\unused-1.0.0.jar;d:\repository\com\huaban\jieba-analysis\1.0.2\jieba-analysis-1.0.2.jar;d:\repository\org\apache\spark\spark-sql_2.11\2.2.0\spark-sql_2.11-2.2.0.jar;d:\repository\com\univocity\univocity-parsers\2.2.1\univocity-parsers-2.2.1.jar;d:\repository\org\apache\spark\spark-sketch_2.11\2.2.0\spark-sketch_2.11-2.2.0.jar;d:\repository\org\apache\spark\spark-catalyst_2.11\2.2.0\spark-catalyst_2.11-2.2.0.jar;d:\repository\org\codehaus\janino\janino\3.0.0\janino-3.0.0.jar;d:\repository\org\codehaus\janino\commons-compiler\3.0.0\commons-compiler-3.0.0.jar;d:\repository\org\antlr\antlr4-runtime\4.5.3\antlr4-runtime-4.5.3.jar;d:\repository\org\apache\parquet\parquet-column\1.8.2\parquet-column-1.8.2.jar;d:\repository\org\apache\parquet\parquet-common\1.8.2\parquet-common-1.8.2.jar;d:\repository\org\apache\parquet\parquet-encoding\1.8.2\parquet-encoding-1.8.2.jar;d:\repository\org\apache\parquet\parquet-hadoop\1.8.2\parquet-hadoop-1.8.2.jar;d:\repository\org\apache\parquet\parquet-format\2.3.1\parquet-format-2.3.1.jar;d:\repository\org\apache\parquet\parquet-jackson\1.8.2\parquet-jackson-1.8.2.jar;d:\repository\org\apache\xbean\xbean-asm5-shaded\4.4\xbean-asm5-shaded-4.4.jar;"/>
    <property name="java.vm.vendor" value="Oracle Corporation"/>
    <property name="sun.arch.data.model" value="64"/>
    <property name="user.variant" value=""/>
    <property name="java.vendor.url" value="http://java.oracle.com/"/>
    <property name="user.timezone" value="Asia/Shanghai"/>
    <property name="java.vm.specification.version" value="1.8"/>
    <property name="os.name" value="Windows 7"/>
    <property name="user.country" value="CN"/>
    <property name="sun.java.launcher" value="SUN_STANDARD"/>
    <property name="sun.boot.library.path" value="C:\Program Files\Java\jdk1.8.0_131\jre\bin"/>
    <property name="sun.java.command" value="C:\Users\ADMINI~1\AppData\Local\Temp\surefire722862544981874251\surefirebooter6823721135959368863.jar C:\Users\Administrator\AppData\Local\Temp\surefire722862544981874251 2022-06-28T09-07-07_417-jvmRun1 surefire3185357919161330022tmp surefire_06181986261297648617tmp"/>
    <property name="surefire.test.class.path" value="D:\东北大学大三实训\sources\sparkexamples\target\test-classes;D:\东北大学大三实训\sources\sparkexamples\target\classes;d:\repository\junit\junit\4.11\junit-4.11.jar;d:\repository\org\hamcrest\hamcrest-core\1.3\hamcrest-core-1.3.jar;d:\repository\org\apache\spark\spark-core_2.11\2.4.0\spark-core_2.11-2.4.0.jar;d:\repository\org\apache\avro\avro\1.8.2\avro-1.8.2.jar;d:\repository\org\codehaus\jackson\jackson-core-asl\1.9.13\jackson-core-asl-1.9.13.jar;d:\repository\org\codehaus\jackson\jackson-mapper-asl\1.9.13\jackson-mapper-asl-1.9.13.jar;d:\repository\com\thoughtworks\paranamer\paranamer\2.7\paranamer-2.7.jar;d:\repository\org\apache\commons\commons-compress\1.8.1\commons-compress-1.8.1.jar;d:\repository\org\tukaani\xz\1.5\xz-1.5.jar;d:\repository\org\apache\avro\avro-mapred\1.8.2\avro-mapred-1.8.2-hadoop2.jar;d:\repository\org\apache\avro\avro-ipc\1.8.2\avro-ipc-1.8.2.jar;d:\repository\commons-codec\commons-codec\1.9\commons-codec-1.9.jar;d:\repository\com\twitter\chill_2.11\0.9.3\chill_2.11-0.9.3.jar;d:\repository\com\esotericsoftware\kryo-shaded\4.0.2\kryo-shaded-4.0.2.jar;d:\repository\com\esotericsoftware\minlog\1.3.0\minlog-1.3.0.jar;d:\repository\org\objenesis\objenesis\2.5.1\objenesis-2.5.1.jar;d:\repository\com\twitter\chill-java\0.9.3\chill-java-0.9.3.jar;d:\repository\org\apache\xbean\xbean-asm6-shaded\4.8\xbean-asm6-shaded-4.8.jar;d:\repository\org\apache\hadoop\hadoop-client\2.6.5\hadoop-client-2.6.5.jar;d:\repository\org\apache\hadoop\hadoop-common\2.6.5\hadoop-common-2.6.5.jar;d:\repository\commons-cli\commons-cli\1.2\commons-cli-1.2.jar;d:\repository\xmlenc\xmlenc\0.52\xmlenc-0.52.jar;d:\repository\commons-httpclient\commons-httpclient\3.1\commons-httpclient-3.1.jar;d:\repository\commons-io\commons-io\2.4\commons-io-2.4.jar;d:\repository\commons-collections\commons-collections\3.2.2\commons-collections-3.2.2.jar;d:\repository\commons-lang\commons-lang\2.6\commons-lang-2.6.jar;d:\repository\commons-configuration\commons-configuration\1.6\commons-configuration-1.6.jar;d:\repository\commons-digester\commons-digester\1.8\commons-digester-1.8.jar;d:\repository\commons-beanutils\commons-beanutils\1.7.0\commons-beanutils-1.7.0.jar;d:\repository\commons-beanutils\commons-beanutils-core\1.8.0\commons-beanutils-core-1.8.0.jar;d:\repository\com\google\protobuf\protobuf-java\2.5.0\protobuf-java-2.5.0.jar;d:\repository\com\google\code\gson\gson\2.2.4\gson-2.2.4.jar;d:\repository\org\apache\hadoop\hadoop-auth\2.6.5\hadoop-auth-2.6.5.jar;d:\repository\org\apache\httpcomponents\httpclient\4.2.5\httpclient-4.2.5.jar;d:\repository\org\apache\httpcomponents\httpcore\4.2.4\httpcore-4.2.4.jar;d:\repository\org\apache\directory\server\apacheds-kerberos-codec\2.0.0-M15\apacheds-kerberos-codec-2.0.0-M15.jar;d:\repository\org\apache\directory\server\apacheds-i18n\2.0.0-M15\apacheds-i18n-2.0.0-M15.jar;d:\repository\org\apache\directory\api\api-asn1-api\1.0.0-M20\api-asn1-api-1.0.0-M20.jar;d:\repository\org\apache\directory\api\api-util\1.0.0-M20\api-util-1.0.0-M20.jar;d:\repository\org\apache\curator\curator-client\2.6.0\curator-client-2.6.0.jar;d:\repository\org\htrace\htrace-core\3.0.4\htrace-core-3.0.4.jar;d:\repository\org\apache\hadoop\hadoop-hdfs\2.6.5\hadoop-hdfs-2.6.5.jar;d:\repository\org\mortbay\jetty\jetty-util\6.1.26\jetty-util-6.1.26.jar;d:\repository\xerces\xercesImpl\2.9.1\xercesImpl-2.9.1.jar;d:\repository\xml-apis\xml-apis\1.3.04\xml-apis-1.3.04.jar;d:\repository\org\apache\hadoop\hadoop-mapreduce-client-app\2.6.5\hadoop-mapreduce-client-app-2.6.5.jar;d:\repository\org\apache\hadoop\hadoop-mapreduce-client-common\2.6.5\hadoop-mapreduce-client-common-2.6.5.jar;d:\repository\org\apache\hadoop\hadoop-yarn-client\2.6.5\hadoop-yarn-client-2.6.5.jar;d:\repository\org\apache\hadoop\hadoop-yarn-server-common\2.6.5\hadoop-yarn-server-common-2.6.5.jar;d:\repository\org\apache\hadoop\hadoop-mapreduce-client-shuffle\2.6.5\hadoop-mapreduce-client-shuffle-2.6.5.jar;d:\repository\org\apache\hadoop\hadoop-yarn-api\2.6.5\hadoop-yarn-api-2.6.5.jar;d:\repository\org\apache\hadoop\hadoop-mapreduce-client-core\2.6.5\hadoop-mapreduce-client-core-2.6.5.jar;d:\repository\org\apache\hadoop\hadoop-yarn-common\2.6.5\hadoop-yarn-common-2.6.5.jar;d:\repository\javax\xml\bind\jaxb-api\2.2.2\jaxb-api-2.2.2.jar;d:\repository\javax\xml\stream\stax-api\1.0-2\stax-api-1.0-2.jar;d:\repository\org\codehaus\jackson\jackson-jaxrs\1.9.13\jackson-jaxrs-1.9.13.jar;d:\repository\org\codehaus\jackson\jackson-xc\1.9.13\jackson-xc-1.9.13.jar;d:\repository\org\apache\hadoop\hadoop-mapreduce-client-jobclient\2.6.5\hadoop-mapreduce-client-jobclient-2.6.5.jar;d:\repository\org\apache\hadoop\hadoop-annotations\2.6.5\hadoop-annotations-2.6.5.jar;d:\repository\org\apache\spark\spark-launcher_2.11\2.4.0\spark-launcher_2.11-2.4.0.jar;d:\repository\org\apache\spark\spark-kvstore_2.11\2.4.0\spark-kvstore_2.11-2.4.0.jar;d:\repository\org\fusesource\leveldbjni\leveldbjni-all\1.8\leveldbjni-all-1.8.jar;d:\repository\com\fasterxml\jackson\core\jackson-core\2.6.7\jackson-core-2.6.7.jar;d:\repository\com\fasterxml\jackson\core\jackson-annotations\2.6.7\jackson-annotations-2.6.7.jar;d:\repository\org\apache\spark\spark-network-common_2.11\2.4.0\spark-network-common_2.11-2.4.0.jar;d:\repository\org\apache\spark\spark-network-shuffle_2.11\2.4.0\spark-network-shuffle_2.11-2.4.0.jar;d:\repository\org\apache\spark\spark-unsafe_2.11\2.4.0\spark-unsafe_2.11-2.4.0.jar;d:\repository\javax\activation\activation\1.1.1\activation-1.1.1.jar;d:\repository\org\apache\curator\curator-recipes\2.6.0\curator-recipes-2.6.0.jar;d:\repository\org\apache\curator\curator-framework\2.6.0\curator-framework-2.6.0.jar;d:\repository\com\google\guava\guava\16.0.1\guava-16.0.1.jar;d:\repository\org\apache\zookeeper\zookeeper\3.4.6\zookeeper-3.4.6.jar;d:\repository\javax\servlet\javax.servlet-api\3.1.0\javax.servlet-api-3.1.0.jar;d:\repository\org\apache\commons\commons-lang3\3.5\commons-lang3-3.5.jar;d:\repository\org\apache\commons\commons-math3\3.4.1\commons-math3-3.4.1.jar;d:\repository\com\google\code\findbugs\jsr305\1.3.9\jsr305-1.3.9.jar;d:\repository\org\slf4j\slf4j-api\1.7.16\slf4j-api-1.7.16.jar;d:\repository\org\slf4j\jul-to-slf4j\1.7.16\jul-to-slf4j-1.7.16.jar;d:\repository\org\slf4j\jcl-over-slf4j\1.7.16\jcl-over-slf4j-1.7.16.jar;d:\repository\log4j\log4j\1.2.17\log4j-1.2.17.jar;d:\repository\org\slf4j\slf4j-log4j12\1.7.16\slf4j-log4j12-1.7.16.jar;d:\repository\com\ning\compress-lzf\1.0.3\compress-lzf-1.0.3.jar;d:\repository\org\xerial\snappy\snappy-java\1.1.7.1\snappy-java-1.1.7.1.jar;d:\repository\org\lz4\lz4-java\1.4.0\lz4-java-1.4.0.jar;d:\repository\com\github\luben\zstd-jni\1.3.2-2\zstd-jni-1.3.2-2.jar;d:\repository\org\roaringbitmap\RoaringBitmap\0.5.11\RoaringBitmap-0.5.11.jar;d:\repository\commons-net\commons-net\3.1\commons-net-3.1.jar;d:\repository\org\scala-lang\scala-library\2.11.12\scala-library-2.11.12.jar;d:\repository\org\json4s\json4s-jackson_2.11\3.5.3\json4s-jackson_2.11-3.5.3.jar;d:\repository\org\json4s\json4s-core_2.11\3.5.3\json4s-core_2.11-3.5.3.jar;d:\repository\org\json4s\json4s-ast_2.11\3.5.3\json4s-ast_2.11-3.5.3.jar;d:\repository\org\json4s\json4s-scalap_2.11\3.5.3\json4s-scalap_2.11-3.5.3.jar;d:\repository\org\scala-lang\modules\scala-xml_2.11\1.0.6\scala-xml_2.11-1.0.6.jar;d:\repository\org\glassfish\jersey\core\jersey-client\2.22.2\jersey-client-2.22.2.jar;d:\repository\javax\ws\rs\javax.ws.rs-api\2.0.1\javax.ws.rs-api-2.0.1.jar;d:\repository\org\glassfish\hk2\hk2-api\2.4.0-b34\hk2-api-2.4.0-b34.jar;d:\repository\org\glassfish\hk2\hk2-utils\2.4.0-b34\hk2-utils-2.4.0-b34.jar;d:\repository\org\glassfish\hk2\external\aopalliance-repackaged\2.4.0-b34\aopalliance-repackaged-2.4.0-b34.jar;d:\repository\org\glassfish\hk2\external\javax.inject\2.4.0-b34\javax.inject-2.4.0-b34.jar;d:\repository\org\glassfish\hk2\hk2-locator\2.4.0-b34\hk2-locator-2.4.0-b34.jar;d:\repository\org\javassist\javassist\3.18.1-GA\javassist-3.18.1-GA.jar;d:\repository\org\glassfish\jersey\core\jersey-common\2.22.2\jersey-common-2.22.2.jar;d:\repository\javax\annotation\javax.annotation-api\1.2\javax.annotation-api-1.2.jar;d:\repository\org\glassfish\jersey\bundles\repackaged\jersey-guava\2.22.2\jersey-guava-2.22.2.jar;d:\repository\org\glassfish\hk2\osgi-resource-locator\1.0.1\osgi-resource-locator-1.0.1.jar;d:\repository\org\glassfish\jersey\core\jersey-server\2.22.2\jersey-server-2.22.2.jar;d:\repository\org\glassfish\jersey\media\jersey-media-jaxb\2.22.2\jersey-media-jaxb-2.22.2.jar;d:\repository\javax\validation\validation-api\1.1.0.Final\validation-api-1.1.0.Final.jar;d:\repository\org\glassfish\jersey\containers\jersey-container-servlet\2.22.2\jersey-container-servlet-2.22.2.jar;d:\repository\org\glassfish\jersey\containers\jersey-container-servlet-core\2.22.2\jersey-container-servlet-core-2.22.2.jar;d:\repository\io\netty\netty-all\4.1.17.Final\netty-all-4.1.17.Final.jar;d:\repository\io\netty\netty\3.9.9.Final\netty-3.9.9.Final.jar;d:\repository\com\clearspring\analytics\stream\2.7.0\stream-2.7.0.jar;d:\repository\io\dropwizard\metrics\metrics-core\3.1.5\metrics-core-3.1.5.jar;d:\repository\io\dropwizard\metrics\metrics-jvm\3.1.5\metrics-jvm-3.1.5.jar;d:\repository\io\dropwizard\metrics\metrics-json\3.1.5\metrics-json-3.1.5.jar;d:\repository\io\dropwizard\metrics\metrics-graphite\3.1.5\metrics-graphite-3.1.5.jar;d:\repository\com\fasterxml\jackson\core\jackson-databind\2.6.7.1\jackson-databind-2.6.7.1.jar;d:\repository\com\fasterxml\jackson\module\jackson-module-scala_2.11\2.6.7.1\jackson-module-scala_2.11-2.6.7.1.jar;d:\repository\org\scala-lang\scala-reflect\2.11.8\scala-reflect-2.11.8.jar;d:\repository\com\fasterxml\jackson\module\jackson-module-paranamer\2.7.9\jackson-module-paranamer-2.7.9.jar;d:\repository\org\apache\ivy\ivy\2.4.0\ivy-2.4.0.jar;d:\repository\oro\oro\2.0.8\oro-2.0.8.jar;d:\repository\net\razorvine\pyrolite\4.13\pyrolite-4.13.jar;d:\repository\net\sf\py4j\py4j\0.10.7\py4j-0.10.7.jar;d:\repository\org\apache\spark\spark-tags_2.11\2.4.0\spark-tags_2.11-2.4.0.jar;d:\repository\org\apache\commons\commons-crypto\1.0.0\commons-crypto-1.0.0.jar;d:\repository\org\spark-project\spark\unused\1.0.0\unused-1.0.0.jar;d:\repository\com\huaban\jieba-analysis\1.0.2\jieba-analysis-1.0.2.jar;d:\repository\org\apache\spark\spark-sql_2.11\2.2.0\spark-sql_2.11-2.2.0.jar;d:\repository\com\univocity\univocity-parsers\2.2.1\univocity-parsers-2.2.1.jar;d:\repository\org\apache\spark\spark-sketch_2.11\2.2.0\spark-sketch_2.11-2.2.0.jar;d:\repository\org\apache\spark\spark-catalyst_2.11\2.2.0\spark-catalyst_2.11-2.2.0.jar;d:\repository\org\codehaus\janino\janino\3.0.0\janino-3.0.0.jar;d:\repository\org\codehaus\janino\commons-compiler\3.0.0\commons-compiler-3.0.0.jar;d:\repository\org\antlr\antlr4-runtime\4.5.3\antlr4-runtime-4.5.3.jar;d:\repository\org\apache\parquet\parquet-column\1.8.2\parquet-column-1.8.2.jar;d:\repository\org\apache\parquet\parquet-common\1.8.2\parquet-common-1.8.2.jar;d:\repository\org\apache\parquet\parquet-encoding\1.8.2\parquet-encoding-1.8.2.jar;d:\repository\org\apache\parquet\parquet-hadoop\1.8.2\parquet-hadoop-1.8.2.jar;d:\repository\org\apache\parquet\parquet-format\2.3.1\parquet-format-2.3.1.jar;d:\repository\org\apache\parquet\parquet-jackson\1.8.2\parquet-jackson-1.8.2.jar;d:\repository\org\apache\xbean\xbean-asm5-shaded\4.4\xbean-asm5-shaded-4.4.jar;"/>
    <property name="sun.cpu.endian" value="little"/>
    <property name="user.home" value="C:\Users\Administrator"/>
    <property name="user.language" value="zh"/>
    <property name="java.specification.vendor" value="Oracle Corporation"/>
    <property name="java.home" value="C:\Program Files\Java\jdk1.8.0_131\jre"/>
    <property name="basedir" value="D:\东北大学大三实训\sources\sparkexamples"/>
    <property name="file.separator" value="\"/>
    <property name="line.separator" value="&#10;"/>
    <property name="java.vm.specification.vendor" value="Oracle Corporation"/>
    <property name="java.specification.name" value="Java Platform API Specification"/>
    <property name="java.awt.graphicsenv" value="sun.awt.Win32GraphicsEnvironment"/>
    <property name="surefire.real.class.path" value="C:\Users\ADMINI~1\AppData\Local\Temp\surefire722862544981874251\surefirebooter6823721135959368863.jar"/>
    <property name="sun.boot.class.path" value="C:\Program Files\Java\jdk1.8.0_131\jre\lib\resources.jar;C:\Program Files\Java\jdk1.8.0_131\jre\lib\rt.jar;C:\Program Files\Java\jdk1.8.0_131\jre\lib\sunrsasign.jar;C:\Program Files\Java\jdk1.8.0_131\jre\lib\jsse.jar;C:\Program Files\Java\jdk1.8.0_131\jre\lib\jce.jar;C:\Program Files\Java\jdk1.8.0_131\jre\lib\charsets.jar;C:\Program Files\Java\jdk1.8.0_131\jre\lib\jfr.jar;C:\Program Files\Java\jdk1.8.0_131\jre\classes"/>
    <property name="user.script" value=""/>
    <property name="sun.management.compiler" value="HotSpot 64-Bit Tiered Compilers"/>
    <property name="java.runtime.version" value="1.8.0_131-b11"/>
    <property name="user.name" value="Administrator"/>
    <property name="path.separator" value=";"/>
    <property name="os.version" value="6.1"/>
    <property name="java.endorsed.dirs" value="C:\Program Files\Java\jdk1.8.0_131\jre\lib\endorsed"/>
    <property name="java.runtime.name" value="Java(TM) SE Runtime Environment"/>
    <property name="file.encoding" value="GBK"/>
    <property name="java.vm.name" value="Java HotSpot(TM) 64-Bit Server VM"/>
    <property name="localRepository" value="d:\repository"/>
    <property name="java.vendor.url.bug" value="http://bugreport.sun.com/bugreport/"/>
    <property name="java.io.tmpdir" value="C:\Users\ADMINI~1\AppData\Local\Temp\"/>
    <property name="java.version" value="1.8.0_131"/>
    <property name="user.dir" value="D:\东北大学大三实训\sources\sparkexamples"/>
    <property name="os.arch" value="amd64"/>
    <property name="java.vm.specification.name" value="Java Virtual Machine Specification"/>
    <property name="java.awt.printerjob" value="sun.awt.windows.WPrinterJob"/>
    <property name="sun.os.patch.level" value="Service Pack 1"/>
    <property name="idea.version2019.3.3" value="true"/>
    <property name="java.library.path" value="C:\Program Files\Java\jdk1.8.0_131\jre\bin;C:\Windows\Sun\Java\bin;C:\Windows\system32;C:\Windows;C:\Windows\system32;C:\Windows;C:\Windows\System32\Wbem;C:\Windows\System32\WindowsPowerShell\v1.0\;D:\software\vs\Microsoft VS Code\bin;E:\software\Java\jdk1.8.0_131\bin;C:\Program Files\apache-maven-3.6.0\bin;E:\software\python;E:\software\python\Scripts;D:\tools\mysql\mysql-5.7.20-winx64\bin;C:\Program Files (x86)\NetSarang\Xshell 7\;D:\tools\hadoop-2.6.0\bin;D:\tools\hadoop-2.6.0\sbin;C:\Program Files (x86)\NetSarang\Xftp 7\;D:\中原学院大二实训\resources\winutils-master\hadoop-3.0.0\bin;C:\Program Files\JetBrains\PyCharm 2020.1\bin;;C:\Program Files (x86)\MyDrivers\DriverGenius;C:\Program Files (x86)\MyDrivers\DriverGenius\ksoft;."/>
    <property name="java.vm.info" value="mixed mode"/>
    <property name="java.vendor" value="Oracle Corporation"/>
    <property name="java.vm.version" value="25.131-b11"/>
    <property name="java.ext.dirs" value="C:\Program Files\Java\jdk1.8.0_131\jre\lib\ext;C:\Windows\Sun\Java\lib\ext"/>
    <property name="sun.io.unicode.encoding" value="UnicodeLittle"/>
    <property name="java.class.version" value="52.0"/>
  </properties>
  <testcase name="shouldAnswerWithTrue" classname="org.example.AppTest" time="0.005"/>
</testsuite>